{"level":"error","message":"Couldn't load signin page! Couldn't load signin page!","stack":"Error: Couldn't load signin page!\n    at D:\\Mazen\\Courses\\Programming\\VSC\\E-CommerceApi\\controller\\UsersAuthController\\signin.js:15:9\n    at newFn (D:\\Mazen\\Courses\\Programming\\VSC\\E-CommerceApi\\node_modules\\express-async-errors\\index.js:16:20)\n    at Layer.handle [as handle_request] (D:\\Mazen\\Courses\\Programming\\VSC\\E-CommerceApi\\node_modules\\express\\lib\\router\\layer.js:95:5)\n    at next (D:\\Mazen\\Courses\\Programming\\VSC\\E-CommerceApi\\node_modules\\express\\lib\\router\\route.js:144:13)\n    at Route.dispatch (D:\\Mazen\\Courses\\Programming\\VSC\\E-CommerceApi\\node_modules\\express\\lib\\router\\route.js:114:3)\n    at newFn (D:\\Mazen\\Courses\\Programming\\VSC\\E-CommerceApi\\node_modules\\express-async-errors\\index.js:16:20)\n    at Layer.handle [as handle_request] (D:\\Mazen\\Courses\\Programming\\VSC\\E-CommerceApi\\node_modules\\express\\lib\\router\\layer.js:95:5)\n    at D:\\Mazen\\Courses\\Programming\\VSC\\E-CommerceApi\\node_modules\\express\\lib\\router\\index.js:284:15\n    at Function.process_params (D:\\Mazen\\Courses\\Programming\\VSC\\E-CommerceApi\\node_modules\\express\\lib\\router\\index.js:346:12)\n    at next (D:\\Mazen\\Courses\\Programming\\VSC\\E-CommerceApi\\node_modules\\express\\lib\\router\\index.js:280:10)"}
{"level":"error","message":"Couldn't load signin page! Couldn't load signin page!","stack":"Error: Couldn't load signin page!\n    at D:\\Mazen\\Courses\\Programming\\VSC\\E-CommerceApi\\controller\\UsersAuthController\\signin.js:15:9\n    at newFn (D:\\Mazen\\Courses\\Programming\\VSC\\E-CommerceApi\\node_modules\\express-async-errors\\index.js:16:20)\n    at Layer.handle [as handle_request] (D:\\Mazen\\Courses\\Programming\\VSC\\E-CommerceApi\\node_modules\\express\\lib\\router\\layer.js:95:5)\n    at next (D:\\Mazen\\Courses\\Programming\\VSC\\E-CommerceApi\\node_modules\\express\\lib\\router\\route.js:144:13)\n    at Route.dispatch (D:\\Mazen\\Courses\\Programming\\VSC\\E-CommerceApi\\node_modules\\express\\lib\\router\\route.js:114:3)\n    at newFn (D:\\Mazen\\Courses\\Programming\\VSC\\E-CommerceApi\\node_modules\\express-async-errors\\index.js:16:20)\n    at Layer.handle [as handle_request] (D:\\Mazen\\Courses\\Programming\\VSC\\E-CommerceApi\\node_modules\\express\\lib\\router\\layer.js:95:5)\n    at D:\\Mazen\\Courses\\Programming\\VSC\\E-CommerceApi\\node_modules\\express\\lib\\router\\index.js:284:15\n    at Function.process_params (D:\\Mazen\\Courses\\Programming\\VSC\\E-CommerceApi\\node_modules\\express\\lib\\router\\index.js:346:12)\n    at next (D:\\Mazen\\Courses\\Programming\\VSC\\E-CommerceApi\\node_modules\\express\\lib\\router\\index.js:280:10)"}
{"level":"error","message":"Couldn't load signin page! Couldn't load signin page!","stack":"Error: Couldn't load signin page!\n    at D:\\Mazen\\Courses\\Programming\\VSC\\E-CommerceApi\\controller\\UsersAuthController\\signin.js:15:9\n    at newFn (D:\\Mazen\\Courses\\Programming\\VSC\\E-CommerceApi\\node_modules\\express-async-errors\\index.js:16:20)\n    at Layer.handle [as handle_request] (D:\\Mazen\\Courses\\Programming\\VSC\\E-CommerceApi\\node_modules\\express\\lib\\router\\layer.js:95:5)\n    at next (D:\\Mazen\\Courses\\Programming\\VSC\\E-CommerceApi\\node_modules\\express\\lib\\router\\route.js:144:13)\n    at Route.dispatch (D:\\Mazen\\Courses\\Programming\\VSC\\E-CommerceApi\\node_modules\\express\\lib\\router\\route.js:114:3)\n    at newFn (D:\\Mazen\\Courses\\Programming\\VSC\\E-CommerceApi\\node_modules\\express-async-errors\\index.js:16:20)\n    at Layer.handle [as handle_request] (D:\\Mazen\\Courses\\Programming\\VSC\\E-CommerceApi\\node_modules\\express\\lib\\router\\layer.js:95:5)\n    at D:\\Mazen\\Courses\\Programming\\VSC\\E-CommerceApi\\node_modules\\express\\lib\\router\\index.js:284:15\n    at Function.process_params (D:\\Mazen\\Courses\\Programming\\VSC\\E-CommerceApi\\node_modules\\express\\lib\\router\\index.js:346:12)\n    at next (D:\\Mazen\\Courses\\Programming\\VSC\\E-CommerceApi\\node_modules\\express\\lib\\router\\index.js:280:10)"}
{"level":"error","message":"Couldn't load signin page!"}
{"level":"error","message":"Something failed during startup Something failed during startup","stack":"Error: Something failed during startup\n    at Object.<anonymous> (D:\\Mazen\\Courses\\Programming\\VSC\\E-CommerceApi\\controller\\UsersAuthController\\signin.js:6:7)\n    at Module._compile (node:internal/modules/cjs/loader:1254:14)\n    at Module._extensions..js (node:internal/modules/cjs/loader:1308:10)\n    at Module.load (node:internal/modules/cjs/loader:1117:32)\n    at Module._load (node:internal/modules/cjs/loader:958:12)\n    at Module.require (node:internal/modules/cjs/loader:1141:19)\n    at require (node:internal/modules/cjs/helpers:110:18)\n    at Object.<anonymous> (D:\\Mazen\\Courses\\Programming\\VSC\\E-CommerceApi\\view\\index.js:25:16)\n    at Module._compile (node:internal/modules/cjs/loader:1254:14)\n    at Module._extensions..js (node:internal/modules/cjs/loader:1308:10)"}
{"level":"error","message":"Something failed during startup"}
{"level":"error","message":"Something failed DRAMATICLY! Something failed DRAMATICLY!","stack":"Error: Something failed DRAMATICLY!\n    at Object.<anonymous> (D:\\Mazen\\Courses\\Programming\\VSC\\E-CommerceApi\\view\\index.js:24:26)\n    at Module._compile (node:internal/modules/cjs/loader:1254:14)\n    at Module._extensions..js (node:internal/modules/cjs/loader:1308:10)\n    at Module.load (node:internal/modules/cjs/loader:1117:32)\n    at Module._load (node:internal/modules/cjs/loader:958:12)\n    at Function.executeUserEntryPoint [as runMain] (node:internal/modules/run_main:81:12)\n    at node:internal/main/run_main_module:23:47"}
{"level":"error","message":"Something failed DRAMATICLY! Something failed DRAMATICLY!","stack":"Error: Something failed DRAMATICLY!\n    at Object.<anonymous> (D:\\Mazen\\Courses\\Programming\\VSC\\E-CommerceApi\\view\\index.js:25:26)\n    at Module._compile (node:internal/modules/cjs/loader:1254:14)\n    at Module._extensions..js (node:internal/modules/cjs/loader:1308:10)\n    at Module.load (node:internal/modules/cjs/loader:1117:32)\n    at Module._load (node:internal/modules/cjs/loader:958:12)\n    at Function.executeUserEntryPoint [as runMain] (node:internal/modules/run_main:81:12)\n    at node:internal/main/run_main_module:23:47"}
{"level":"error","message":"Something failed DRAMATICLY! Something failed DRAMATICLY!","stack":"Error: Something failed DRAMATICLY!\n    at Object.<anonymous> (D:\\Mazen\\Courses\\Programming\\VSC\\E-CommerceApi\\view\\index.js:25:26)\n    at Module._compile (node:internal/modules/cjs/loader:1254:14)\n    at Module._extensions..js (node:internal/modules/cjs/loader:1308:10)\n    at Module.load (node:internal/modules/cjs/loader:1117:32)\n    at Module._load (node:internal/modules/cjs/loader:958:12)\n    at Function.executeUserEntryPoint [as runMain] (node:internal/modules/run_main:81:12)\n    at node:internal/main/run_main_module:23:47"}
{"level":"error","message":"Something failed DRAMATICLY! Something failed DRAMATICLY!","stack":"Error: Something failed DRAMATICLY!\n    at Object.<anonymous> (D:\\Mazen\\Courses\\Programming\\VSC\\E-CommerceApi\\view\\index.js:25:26)\n    at Module._compile (node:internal/modules/cjs/loader:1254:14)\n    at Module._extensions..js (node:internal/modules/cjs/loader:1308:10)\n    at Module.load (node:internal/modules/cjs/loader:1117:32)\n    at Module._load (node:internal/modules/cjs/loader:958:12)\n    at Function.executeUserEntryPoint [as runMain] (node:internal/modules/run_main:81:12)\n    at node:internal/main/run_main_module:23:47"}
{"level":"error","message":"Something failed DRAMATICLY! Something failed DRAMATICLY!","stack":"Error: Something failed DRAMATICLY!\n    at Object.<anonymous> (D:\\Mazen\\Courses\\Programming\\VSC\\E-CommerceApi\\view\\index.js:22:26)\n    at Module._compile (node:internal/modules/cjs/loader:1254:14)\n    at Module._extensions..js (node:internal/modules/cjs/loader:1308:10)\n    at Module.load (node:internal/modules/cjs/loader:1117:32)\n    at Module._load (node:internal/modules/cjs/loader:958:12)\n    at Function.executeUserEntryPoint [as runMain] (node:internal/modules/run_main:81:12)\n    at node:internal/main/run_main_module:23:47"}
{"level":"error","message":"Something failed DRAMATICLY! Something failed DRAMATICLY!","stack":"Error: Something failed DRAMATICLY!\n    at Object.<anonymous> (D:\\Mazen\\Courses\\Programming\\VSC\\E-CommerceApi\\view\\index.js:23:26)\n    at Module._compile (node:internal/modules/cjs/loader:1254:14)\n    at Module._extensions..js (node:internal/modules/cjs/loader:1308:10)\n    at Module.load (node:internal/modules/cjs/loader:1117:32)\n    at Module._load (node:internal/modules/cjs/loader:958:12)\n    at Function.executeUserEntryPoint [as runMain] (node:internal/modules/run_main:81:12)\n    at node:internal/main/run_main_module:23:47"}
{"level":"error","message":"Something failed DRAMATICLY! Something failed DRAMATICLY!","stack":"Error: Something failed DRAMATICLY!\n    at Object.<anonymous> (D:\\Mazen\\Courses\\Programming\\VSC\\E-CommerceApi\\view\\index.js:23:26)\n    at Module._compile (node:internal/modules/cjs/loader:1254:14)\n    at Module._extensions..js (node:internal/modules/cjs/loader:1308:10)\n    at Module.load (node:internal/modules/cjs/loader:1117:32)\n    at Module._load (node:internal/modules/cjs/loader:958:12)\n    at Function.executeUserEntryPoint [as runMain] (node:internal/modules/run_main:81:12)\n    at node:internal/main/run_main_module:23:47"}
{"level":"error","message":"Something failed DRAMATICLY! Something failed DRAMATICLY!","stack":"Error: Something failed DRAMATICLY!\n    at Object.<anonymous> (D:\\Mazen\\Courses\\Programming\\VSC\\E-CommerceApi\\view\\index.js:19:26)\n    at Module._compile (node:internal/modules/cjs/loader:1254:14)\n    at Module._extensions..js (node:internal/modules/cjs/loader:1308:10)\n    at Module.load (node:internal/modules/cjs/loader:1117:32)\n    at Module._load (node:internal/modules/cjs/loader:958:12)\n    at Function.executeUserEntryPoint [as runMain] (node:internal/modules/run_main:81:12)\n    at node:internal/main/run_main_module:23:47"}
{"level":"error","message":"Something failed DRAMATICLY! Something failed DRAMATICLY!","stack":"Error: Something failed DRAMATICLY!\n    at Object.<anonymous> (D:\\Mazen\\Courses\\Programming\\VSC\\E-CommerceApi\\view\\index.js:19:26)\n    at Module._compile (node:internal/modules/cjs/loader:1254:14)\n    at Module._extensions..js (node:internal/modules/cjs/loader:1308:10)\n    at Module.load (node:internal/modules/cjs/loader:1117:32)\n    at Module._load (node:internal/modules/cjs/loader:958:12)\n    at Function.executeUserEntryPoint [as runMain] (node:internal/modules/run_main:81:12)\n    at node:internal/main/run_main_module:23:47"}
{"level":"error","message":"Something failed DRAMATICLY! Something failed DRAMATICLY!","stack":"Error: Something failed DRAMATICLY!\n    at Object.<anonymous> (D:\\Mazen\\Courses\\Programming\\VSC\\E-CommerceApi\\view\\index.js:19:26)\n    at Module._compile (node:internal/modules/cjs/loader:1254:14)\n    at Module._extensions..js (node:internal/modules/cjs/loader:1308:10)\n    at Module.load (node:internal/modules/cjs/loader:1117:32)\n    at Module._load (node:internal/modules/cjs/loader:958:12)\n    at Function.executeUserEntryPoint [as runMain] (node:internal/modules/run_main:81:12)\n    at node:internal/main/run_main_module:23:47"}
{"level":"error","message":"Something failed DRAMATICLY! Something failed DRAMATICLY!","stack":"Error: Something failed DRAMATICLY!\n    at Object.<anonymous> (D:\\Mazen\\Courses\\Programming\\VSC\\E-CommerceApi\\view\\index.js:19:26)\n    at Module._compile (node:internal/modules/cjs/loader:1254:14)\n    at Module._extensions..js (node:internal/modules/cjs/loader:1308:10)\n    at Module.load (node:internal/modules/cjs/loader:1117:32)\n    at Module._load (node:internal/modules/cjs/loader:958:12)\n    at Function.executeUserEntryPoint [as runMain] (node:internal/modules/run_main:81:12)\n    at node:internal/main/run_main_module:23:47"}
{"level":"info","message":"Listening on port 3000..."}
{"level":"info","message":"Connected to MongoDB..."}
{"level":"info","message":"Connected to MongoDB..."}
{"code":"MODULE_NOT_FOUND","level":"error","message":"Cannot find module '../startup/'\nRequire stack:\n- D:\\Mazen\\Courses\\Programming\\VSC\\E-CommerceApi\\view\\index.js Cannot find module '../startup/'\nRequire stack:\n- D:\\Mazen\\Courses\\Programming\\VSC\\E-CommerceApi\\view\\index.js","requireStack":["D:\\Mazen\\Courses\\Programming\\VSC\\E-CommerceApi\\view\\index.js"],"stack":"Error: Cannot find module '../startup/'\nRequire stack:\n- D:\\Mazen\\Courses\\Programming\\VSC\\E-CommerceApi\\view\\index.js\n    at Module._resolveFilename (node:internal/modules/cjs/loader:1075:15)\n    at Module._load (node:internal/modules/cjs/loader:920:27)\n    at Module.require (node:internal/modules/cjs/loader:1141:19)\n    at require (node:internal/modules/cjs/helpers:110:18)\n    at Object.<anonymous> (D:\\Mazen\\Courses\\Programming\\VSC\\E-CommerceApi\\view\\index.js:7:1)\n    at Module._compile (node:internal/modules/cjs/loader:1254:14)\n    at Module._extensions..js (node:internal/modules/cjs/loader:1308:10)\n    at Module.load (node:internal/modules/cjs/loader:1117:32)\n    at Module._load (node:internal/modules/cjs/loader:958:12)\n    at Function.executeUserEntryPoint [as runMain] (node:internal/modules/run_main:81:12)"}
{"level":"info","message":"Connected to MongoDB..."}
{"level":"error","message":"Cannot read properties of undefined (reading 'use') Cannot read properties of undefined (reading 'use')","stack":"TypeError: Cannot read properties of undefined (reading 'use')\n    at module.exports (D:\\Mazen\\Courses\\Programming\\VSC\\E-CommerceApi\\startup\\routes.js:13:7)\n    at Object.<anonymous> (D:\\Mazen\\Courses\\Programming\\VSC\\E-CommerceApi\\view\\index.js:7:29)\n    at Module._compile (node:internal/modules/cjs/loader:1254:14)\n    at Module._extensions..js (node:internal/modules/cjs/loader:1308:10)\n    at Module.load (node:internal/modules/cjs/loader:1117:32)\n    at Module._load (node:internal/modules/cjs/loader:958:12)\n    at Function.executeUserEntryPoint [as runMain] (node:internal/modules/run_main:81:12)\n    at node:internal/main/run_main_module:23:47"}
{"level":"info","message":"Connected to MongoDB..."}
{"level":"info","message":"Listening on port 3000..."}
{"level":"info","message":"Connected to MongoDB..."}
{"level":"info","message":"Listening on port 3000..."}
{"level":"info","message":"Connected to MongoDB..."}
{"level":"error","message":"connect ECONNREFUSED 127.0.0.1:27017 connect ECONNREFUSED 127.0.0.1:27017","reason":{"commonWireVersion":0,"compatible":true,"heartbeatFrequencyMS":10000,"localThresholdMS":15,"logicalSessionTimeoutMinutes":null,"maxElectionId":null,"maxSetVersion":null,"servers":{},"setName":null,"stale":false,"type":"Single"},"stack":"MongoServerSelectionError: connect ECONNREFUSED 127.0.0.1:27017\n    at Timeout._onTimeout (D:\\Mazen\\Courses\\Programming\\VSC\\E-CommerceApi\\node_modules\\mongodb\\lib\\sdam\\topology.js:277:38)\n    at listOnTimeout (node:internal/timers:569:17)\n    at process.processTimers (node:internal/timers:512:7)"}
{"level":"error","message":"server instance pool was destroyed server instance pool was destroyed","name":"MongoError","stack":"MongoError: server instance pool was destroyed\n    at basicWriteValidations (D:\\Mazen\\Courses\\Programming\\VSC\\E-CommerceApi\\node_modules\\winston-mongodb\\node_modules\\mongodb\\lib\\core\\topologies\\server.js:577:41)\n    at Server.insert (D:\\Mazen\\Courses\\Programming\\VSC\\E-CommerceApi\\node_modules\\winston-mongodb\\node_modules\\mongodb\\lib\\core\\topologies\\server.js:693:16)\n    at Server.insert (D:\\Mazen\\Courses\\Programming\\VSC\\E-CommerceApi\\node_modules\\winston-mongodb\\node_modules\\mongodb\\lib\\topologies\\topology_base.js:301:25)\n    at insertDocuments (D:\\Mazen\\Courses\\Programming\\VSC\\E-CommerceApi\\node_modules\\winston-mongodb\\node_modules\\mongodb\\lib\\operations\\common_functions.js:252:19)\n    at InsertOneOperation.execute (D:\\Mazen\\Courses\\Programming\\VSC\\E-CommerceApi\\node_modules\\winston-mongodb\\node_modules\\mongodb\\lib\\operations\\insert_one.js:26:5)\n    at D:\\Mazen\\Courses\\Programming\\VSC\\E-CommerceApi\\node_modules\\winston-mongodb\\node_modules\\mongodb\\lib\\operations\\execute_operation.js:72:19\n    at maybePromise (D:\\Mazen\\Courses\\Programming\\VSC\\E-CommerceApi\\node_modules\\winston-mongodb\\node_modules\\mongodb\\lib\\utils.js:692:3)\n    at executeOperation (D:\\Mazen\\Courses\\Programming\\VSC\\E-CommerceApi\\node_modules\\winston-mongodb\\node_modules\\mongodb\\lib\\operations\\execute_operation.js:34:10)\n    at Collection.insertOne (D:\\Mazen\\Courses\\Programming\\VSC\\E-CommerceApi\\node_modules\\winston-mongodb\\node_modules\\mongodb\\lib\\collection.js:526:10)\n    at D:\\Mazen\\Courses\\Programming\\VSC\\E-CommerceApi\\node_modules\\winston-mongodb\\lib\\winston-mongodb.js:229:44"}
{"level":"info","message":"Listening on port 3000..."}
{"level":"info","message":"Connected to MongoDB..."}
{"level":"error","message":"Something failed during startup Something failed during startup","stack":"Error: Something failed during startup\n    at Object.<anonymous> (D:\\Mazen\\Courses\\Programming\\VSC\\E-CommerceApi\\controller\\UsersAuthController\\signin.js:14:7)\n    at Module._compile (node:internal/modules/cjs/loader:1254:14)\n    at Module._extensions..js (node:internal/modules/cjs/loader:1308:10)\n    at Module.load (node:internal/modules/cjs/loader:1117:32)\n    at Module._load (node:internal/modules/cjs/loader:958:12)\n    at Module.require (node:internal/modules/cjs/loader:1141:19)\n    at require (node:internal/modules/cjs/helpers:110:18)\n    at Object.<anonymous> (D:\\Mazen\\Courses\\Programming\\VSC\\E-CommerceApi\\startup\\routes.js:1:16)\n    at Module._compile (node:internal/modules/cjs/loader:1254:14)\n    at Module._extensions..js (node:internal/modules/cjs/loader:1308:10)"}
{"level":"info","message":"Connected to MongoDB..."}
{"level":"info","message":"Listening on port 3000..."}
{"level":"info","message":"Connected to MongoDB..."}
{"level":"error","message":"Could not get the genres. Could not get the genres.","stack":"Error: Could not get the genres.\n    at D:\\Mazen\\Courses\\Programming\\VSC\\E-CommerceApi\\controller\\UsersAuthController\\signin.js:15:9\n    at newFn (D:\\Mazen\\Courses\\Programming\\VSC\\E-CommerceApi\\node_modules\\express-async-errors\\index.js:16:20)\n    at Layer.handle [as handle_request] (D:\\Mazen\\Courses\\Programming\\VSC\\E-CommerceApi\\node_modules\\express\\lib\\router\\layer.js:95:5)\n    at next (D:\\Mazen\\Courses\\Programming\\VSC\\E-CommerceApi\\node_modules\\express\\lib\\router\\route.js:144:13)\n    at Route.dispatch (D:\\Mazen\\Courses\\Programming\\VSC\\E-CommerceApi\\node_modules\\express\\lib\\router\\route.js:114:3)\n    at newFn (D:\\Mazen\\Courses\\Programming\\VSC\\E-CommerceApi\\node_modules\\express-async-errors\\index.js:16:20)\n    at Layer.handle [as handle_request] (D:\\Mazen\\Courses\\Programming\\VSC\\E-CommerceApi\\node_modules\\express\\lib\\router\\layer.js:95:5)\n    at D:\\Mazen\\Courses\\Programming\\VSC\\E-CommerceApi\\node_modules\\express\\lib\\router\\index.js:284:15\n    at Function.process_params (D:\\Mazen\\Courses\\Programming\\VSC\\E-CommerceApi\\node_modules\\express\\lib\\router\\index.js:346:12)\n    at next (D:\\Mazen\\Courses\\Programming\\VSC\\E-CommerceApi\\node_modules\\express\\lib\\router\\index.js:280:10)"}
{"level":"info","message":"Listening on port 3000..."}
{"level":"info","message":"Connected to MongoDB..."}
{"level":"error","message":"Could not get the genres."}
{"level":"info","message":"Listening on port 3000..."}
{"level":"error","message":"Something failed DRAMATICLY!"}
{"level":"info","message":"Connected to MongoDB..."}
{"level":"info","message":"Listening on port 3000..."}
{"level":"error","message":"Something failed DRAMATICLY!"}
{"level":"info","message":"Connected to MongoDB..."}
{"level":"info","message":"Listening on port 3000..."}
{"level":"error","message":"Something failed DRAMATICLY!"}
{"level":"info","message":"Connected to MongoDB..."}
{"level":"info","message":"Listening on port 3000..."}
{"level":"error","message":"Something failed DRAMATICLY!"}
{"level":"info","message":"Connected to MongoDB..."}
{"level":"error","message":"ApplicationUser validation failed: email: Path `email` is required., password: Path `password` is required."}
{"level":"error","message":"ApplicationUser validation failed: email: Path `email` is required., password: Path `password` is required."}
{"level":"error","message":"ApplicationUser validation failed: email: Path `email` is required., password: Path `password` is required."}
{"level":"info","message":"Listening on port 3000..."}
{"level":"error","message":"Something failed DRAMATICLY!"}
{"level":"info","message":"Connected to MongoDB..."}
{"level":"info","message":"Listening on port 3000..."}
{"level":"error","message":"Something failed DRAMATICLY!"}
{"level":"info","message":"Connected to MongoDB..."}
{"level":"info","message":"Listening on port 3000..."}
{"level":"info","message":"Connected to MongoDB..."}
{"level":"info","message":"Listening on port 3000..."}
{"level":"info","message":"Connected to MongoDB..."}
{"level":"info","message":"Listening on port 3000..."}
{"level":"info","message":"Connected to MongoDB..."}
{"level":"info","message":"Listening on port 3000..."}
{"level":"info","message":"Connected to MongoDB..."}
{"level":"info","message":"Listening on port 3000..."}
{"level":"info","message":"Connected to MongoDB..."}
{"level":"info","message":"Listening on port 3000..."}
{"level":"info","message":"Connected to MongoDB..."}
{"level":"info","message":"Listening on port 3000..."}
{"level":"info","message":"Connected to MongoDB..."}
{"level":"info","message":"Listening on port 3000..."}
{"level":"info","message":"Connected to MongoDB..."}
{"level":"error","message":"ApplicationUser validation failed: role: Path `role` is required."}
{"level":"error","message":"ApplicationUser validation failed: role: Path `role` is required."}
{"level":"info","message":"Listening on port 3000..."}
{"level":"info","message":"Connected to MongoDB..."}
{"level":"error","message":"ApplicationUser validation failed: role: Path `role` is required."}
{"level":"error","message":"ApplicationUser validation failed: role: Path `role` is required."}
{"level":"error","message":"ApplicationUser validation failed: role: Path `role` is required."}
{"level":"error","message":"ApplicationUser validation failed: role: Path `role` is required."}
{"level":"error","message":"ApplicationUser validation failed: role: Path `role` is required."}
{"level":"error","message":"ApplicationUser validation failed: role: Path `role` is required."}
{"level":"error","message":"ApplicationUser validation failed: role: Path `role` is required."}
{"level":"error","message":"ApplicationUser validation failed: role: Path `role` is required."}
{"level":"error","message":"Unexpected token } in JSON at position 59"}
{"level":"error","message":"Unexpected token } in JSON at position 59"}
{"level":"error","message":"Unexpected token } in JSON at position 59"}
{"level":"error","message":"Unexpected token } in JSON at position 59"}
{"level":"error","message":"Unexpected token } in JSON at position 59"}
{"level":"error","message":"Unexpected token } in JSON at position 59"}
{"level":"error","message":"Unexpected token } in JSON at position 59"}
{"level":"error","message":"Unexpected token } in JSON at position 59"}
{"level":"error","message":"Unexpected token } in JSON at position 59"}
{"level":"error","message":"Unexpected token } in JSON at position 59"}
{"level":"error","message":"Unexpected token } in JSON at position 59"}
{"level":"error","message":"ApplicationUser validation failed: role: Path `role` is required."}
{"level":"info","message":"Listening on port 3000..."}
{"level":"info","message":"Connected to MongoDB..."}
{"level":"info","message":"Listening on port 3000..."}
{"level":"info","message":"Connected to MongoDB..."}
{"level":"info","message":"Listening on port 3000..."}
{"level":"info","message":"Connected to MongoDB..."}
{"level":"info","message":"Listening on port 3000..."}
{"level":"info","message":"Connected to MongoDB..."}
{"level":"error","message":"bcrypt is not defined"}
{"level":"info","message":"Listening on port 3000..."}
{"level":"info","message":"Connected to MongoDB..."}
{"level":"info","message":"Listening on port 3000..."}
{"level":"info","message":"Connected to MongoDB..."}
{"level":"info","message":"Listening on port 3000..."}
{"level":"info","message":"Connected to MongoDB..."}
{"level":"error","message":"Joi is not defined"}
{"level":"error","message":"Joi is not defined"}
{"level":"error","message":"Joi is not defined"}
{"level":"error","message":"Joi is not defined"}
{"level":"error","message":"Joi is not defined"}
{"level":"error","message":"Joi is not defined"}
{"level":"error","message":"Joi is not defined"}
{"level":"error","message":"Joi is not defined"}
{"level":"info","message":"Listening on port 3000..."}
{"level":"info","message":"Connected to MongoDB..."}
{"level":"info","message":"Listening on port 3000..."}
{"level":"info","message":"Connected to MongoDB..."}
{"level":"info","message":"Listening on port 3000..."}
{"level":"info","message":"Connected to MongoDB..."}
{"level":"error","message":"Configuration property \"jwtPrivateKey\" is not defined"}
{"level":"info","message":"Listening on port 3000..."}
{"level":"info","message":"Connected to MongoDB..."}
{"level":"info","message":"Listening on port 3000..."}
{"level":"info","message":"Connected to MongoDB..."}
{"level":"info","message":"Listening on port 3000..."}
{"level":"info","message":"Connected to MongoDB..."}
{"level":"info","message":"Listening on port 3000..."}
{"level":"info","message":"Connected to MongoDB..."}
{"level":"info","message":"Listening on port 3000..."}
{"level":"info","message":"Connected to MongoDB..."}
{"level":"info","message":"Listening on port 3000..."}
{"level":"info","message":"Connected to MongoDB..."}
{"level":"info","message":"Listening on port 3000..."}
{"level":"info","message":"Connected to MongoDB..."}
{"level":"info","message":"Listening on port 3000..."}
{"level":"info","message":"Connected to MongoDB..."}
{"level":"info","message":"Listening on port 3000..."}
{"level":"info","message":"Connected to MongoDB..."}
{"level":"info","message":"Listening on port 3000..."}
{"level":"info","message":"Connected to MongoDB..."}
{"level":"info","message":"Listening on port 3000..."}
{"level":"info","message":"Connected to MongoDB..."}
{"level":"info","message":"Listening on port 3000..."}
{"level":"info","message":"Connected to MongoDB..."}
{"level":"info","message":"Listening on port 3000..."}
{"level":"info","message":"Connected to MongoDB..."}
{"level":"error","message":"Cannot find module '../'\nRequire stack:\n- D:\\Mazen\\Courses\\Programming\\VSC\\E-CommerceApi\\controller\\SellerController\\addProduct.js\n- D:\\Mazen\\Courses\\Programming\\VSC\\E-CommerceApi\\startup\\routes.js\n- D:\\Mazen\\Courses\\Programming\\VSC\\E-CommerceApi\\index.js"}
{"level":"info","message":"Connected to MongoDB..."}
{"level":"error","message":"Cannot find module '.../s'\nRequire stack:\n- D:\\Mazen\\Courses\\Programming\\VSC\\E-CommerceApi\\controller\\SellerController\\addProduct.js\n- D:\\Mazen\\Courses\\Programming\\VSC\\E-CommerceApi\\startup\\routes.js\n- D:\\Mazen\\Courses\\Programming\\VSC\\E-CommerceApi\\index.js"}
{"level":"info","message":"Connected to MongoDB..."}
{"level":"info","message":"Listening on port 3000..."}
{"level":"info","message":"Connected to MongoDB..."}
{"level":"info","message":"Listening on port 3000..."}
{"level":"info","message":"Connected to MongoDB..."}
{"level":"error","message":"Product validation failed: name: Path `name` is required., category: Path `category` is required., price: Path `price` is required., numberInStock: Path `numberInStock` is required."}
{"level":"error","message":"Product validation failed: name: Path `name` is required., category: Path `category` is required., price: Path `price` is required., numberInStock: Path `numberInStock` is required."}
{"level":"info","message":"Listening on port 3000..."}
{"level":"info","message":"Connected to MongoDB..."}
{"level":"error","message":"await is only valid in async functions and the top level bodies of modules"}
{"level":"info","message":"Connected to MongoDB..."}
{"level":"info","message":"Listening on port 3000..."}
{"level":"info","message":"Connected to MongoDB..."}
{"level":"info","message":"Listening on port 3000..."}
{"level":"info","message":"Connected to MongoDB..."}
{"level":"info","message":"Listening on port 3000..."}
{"level":"info","message":"Connected to MongoDB..."}
{"level":"info","message":"Listening on port 3000..."}
{"level":"info","message":"Connected to MongoDB..."}
{"level":"info","message":"Listening on port 3000..."}
{"level":"info","message":"Connected to MongoDB..."}
{"level":"info","message":"Listening on port 3000..."}
{"level":"info","message":"Connected to MongoDB..."}
{"level":"info","message":"Listening on port 3000..."}
{"level":"info","message":"Connected to MongoDB..."}
{"level":"info","message":"Listening on port 3000..."}
{"level":"info","message":"Connected to MongoDB..."}
{"level":"info","message":"Listening on port 3000..."}
{"level":"info","message":"Connected to MongoDB..."}
{"level":"info","message":"Listening on port 3000..."}
{"level":"info","message":"Connected to MongoDB..."}
{"level":"info","message":"Listening on port 3000..."}
{"level":"info","message":"Connected to MongoDB..."}
{"level":"info","message":"Listening on port 3000..."}
{"level":"info","message":"Connected to MongoDB..."}
{"level":"info","message":"Listening on port 3000..."}
{"level":"info","message":"Connected to MongoDB..."}
{"level":"info","message":"Listening on port 3000..."}
{"level":"info","message":"Connected to MongoDB..."}
{"level":"info","message":"Listening on port 3000..."}
{"level":"info","message":"Connected to MongoDB..."}
{"level":"info","message":"Listening on port 3000..."}
{"level":"info","message":"Connected to MongoDB..."}
{"level":"info","message":"Listening on port 3000..."}
{"level":"info","message":"Connected to MongoDB..."}
{"level":"info","message":"Listening on port 3000..."}
{"level":"info","message":"Connected to MongoDB..."}
{"level":"error","message":"Unexpected token } in JSON at position 21"}
{"level":"error","message":"_ is not defined"}
{"level":"info","message":"Listening on port 3000..."}
{"level":"info","message":"Connected to MongoDB..."}
{"level":"info","message":"Listening on port 3000..."}
{"level":"info","message":"Connected to MongoDB..."}
{"level":"error","message":"Cannot find module '../middleware/auth'\nRequire stack:\n- D:\\Mazen\\Courses\\Programming\\VSC\\E-CommerceApi\\controller\\UsersAuthController\\signin.js\n- D:\\Mazen\\Courses\\Programming\\VSC\\E-CommerceApi\\startup\\routes.js\n- D:\\Mazen\\Courses\\Programming\\VSC\\E-CommerceApi\\index.js"}
{"level":"info","message":"Connected to MongoDB..."}
{"level":"error","message":"Cannot find module '../middleware/auth'\nRequire stack:\n- D:\\Mazen\\Courses\\Programming\\VSC\\E-CommerceApi\\controller\\UsersAuthController\\signin.js\n- D:\\Mazen\\Courses\\Programming\\VSC\\E-CommerceApi\\startup\\routes.js\n- D:\\Mazen\\Courses\\Programming\\VSC\\E-CommerceApi\\index.js"}
{"level":"info","message":"Connected to MongoDB..."}
{"level":"error","message":"Cannot find module '../middleware/auth'\nRequire stack:\n- D:\\Mazen\\Courses\\Programming\\VSC\\E-CommerceApi\\controller\\UsersAuthController\\signin.js\n- D:\\Mazen\\Courses\\Programming\\VSC\\E-CommerceApi\\startup\\routes.js\n- D:\\Mazen\\Courses\\Programming\\VSC\\E-CommerceApi\\index.js"}
{"level":"info","message":"Connected to MongoDB..."}
{"level":"error","message":"Cannot find module '../../middleware'\nRequire stack:\n- D:\\Mazen\\Courses\\Programming\\VSC\\E-CommerceApi\\controller\\UsersAuthController\\signin.js\n- D:\\Mazen\\Courses\\Programming\\VSC\\E-CommerceApi\\startup\\routes.js\n- D:\\Mazen\\Courses\\Programming\\VSC\\E-CommerceApi\\index.js"}
{"level":"info","message":"Listening on port 3000..."}
{"level":"info","message":"Connected to MongoDB..."}
{"level":"info","message":"Listening on port 3000..."}
{"level":"info","message":"Connected to MongoDB..."}
{"level":"info","message":"Listening on port 3000..."}
{"level":"info","message":"Connected to MongoDB..."}
{"level":"info","message":"Listening on port 3000..."}
{"level":"info","message":"Connected to MongoDB..."}
{"level":"info","message":"Listening on port 3000..."}
{"level":"info","message":"Connected to MongoDB..."}
{"level":"info","message":"Listening on port 3000..."}
{"level":"info","message":"Connected to MongoDB..."}
{"level":"error","message":"ApplicationUser validation failed: role: Path `role` is required."}
{"level":"info","message":"Listening on port 3000..."}
{"level":"info","message":"Connected to MongoDB..."}
{"level":"info","message":"Listening on port 3000..."}
{"level":"info","message":"Connected to MongoDB..."}
{"level":"info","message":"Listening on port 3000..."}
{"level":"info","message":"Connected to MongoDB..."}
{"level":"error","message":"await is only valid in async functions and the top level bodies of modules"}
{"level":"info","message":"Connected to MongoDB..."}
{"level":"info","message":"Listening on port 3000..."}
{"level":"info","message":"Connected to MongoDB..."}
{"level":"info","message":"Listening on port 3000..."}
{"level":"info","message":"Connected to MongoDB..."}
{"level":"error","message":"Cannot find module '../controller/UsersAuthController/customerSignup'\nRequire stack:\n- D:\\Mazen\\Courses\\Programming\\VSC\\E-CommerceApi\\startup\\routes.js\n- D:\\Mazen\\Courses\\Programming\\VSC\\E-CommerceApi\\index.js"}
{"level":"info","message":"Connected to MongoDB..."}
{"level":"error","message":"Cannot find module '../controller/UsersAuthController/s'\nRequire stack:\n- D:\\Mazen\\Courses\\Programming\\VSC\\E-CommerceApi\\startup\\routes.js\n- D:\\Mazen\\Courses\\Programming\\VSC\\E-CommerceApi\\index.js"}
{"level":"info","message":"Connected to MongoDB..."}
{"level":"error","message":"customerSignup is not defined"}
{"level":"info","message":"Connected to MongoDB..."}
{"level":"error","message":"customerSignup is not defined"}
{"level":"info","message":"Connected to MongoDB..."}
{"level":"error","message":"customerSignup is not defined"}
{"level":"info","message":"Connected to MongoDB..."}
{"level":"error","message":"customerSignup is not defined"}
{"level":"info","message":"Connected to MongoDB..."}
{"level":"info","message":"Listening on port 3000..."}
{"level":"info","message":"Connected to MongoDB..."}
{"level":"info","message":"Listening on port 3000..."}
{"level":"info","message":"Connected to MongoDB..."}
{"level":"info","message":"Listening on port 3000..."}
{"level":"info","message":"Connected to MongoDB..."}
{"level":"info","message":"Listening on port 3000..."}
{"level":"info","message":"Connected to MongoDB..."}
{"level":"info","message":"Listening on port 3000..."}
{"level":"info","message":"Connected to MongoDB..."}
{"level":"info","message":"Listening on port 3000..."}
{"level":"info","message":"Connected to MongoDB..."}
{"level":"info","message":"Listening on port 3000..."}
{"level":"info","message":"Connected to MongoDB..."}
{"level":"info","message":"Listening on port 3000..."}
{"level":"info","message":"Connected to MongoDB..."}
{"level":"info","message":"Listening on port 3000..."}
{"level":"info","message":"Connected to MongoDB..."}
{"level":"info","message":"Listening on port 3000..."}
{"level":"info","message":"Connected to MongoDB..."}
{"level":"info","message":"Listening on port 3000..."}
{"level":"info","message":"Connected to MongoDB..."}
{"level":"info","message":"Listening on port 3000..."}
{"level":"info","message":"Connected to MongoDB..."}
{"level":"error","message":"Cannot read properties of undefined (reading '0')"}
{"level":"error","message":"Cannot read properties of undefined (reading '0')"}
{"level":"error","message":"Cannot read properties of undefined (reading '0')"}
{"level":"error","message":"Cannot read properties of undefined (reading '0')"}
{"level":"error","message":"Cannot read properties of undefined (reading '0')"}
{"level":"error","message":"Cannot read properties of undefined (reading '0')"}
{"level":"error","message":"Cannot read properties of undefined (reading '0')"}
{"level":"info","message":"Listening on port 3000..."}
{"level":"info","message":"Connected to MongoDB..."}
{"level":"info","message":"Listening on port 3000..."}
{"level":"info","message":"Connected to MongoDB..."}
{"level":"info","message":"Listening on port 3000..."}
{"level":"info","message":"Connected to MongoDB..."}
{"level":"info","message":"Listening on port 3000..."}
{"level":"info","message":"Connected to MongoDB..."}
{"level":"info","message":"Listening on port 3000..."}
{"level":"info","message":"Connected to MongoDB..."}
{"level":"info","message":"Listening on port 3000..."}
{"level":"info","message":"Connected to MongoDB..."}
{"level":"info","message":"Listening on port 3000..."}
{"level":"info","message":"Connected to MongoDB..."}
{"level":"info","message":"Listening on port 3000..."}
{"level":"info","message":"Connected to MongoDB..."}
{"level":"info","message":"Listening on port 3000..."}
{"level":"info","message":"Connected to MongoDB..."}
{"level":"info","message":"Listening on port 3000..."}
{"level":"info","message":"Connected to MongoDB..."}
{"level":"error","message":"validate is not defined"}
{"level":"error","message":"validate is not defined"}
{"level":"info","message":"Listening on port 3000..."}
{"level":"info","message":"Connected to MongoDB..."}
{"level":"info","message":"Listening on port 3000..."}
{"level":"info","message":"Connected to MongoDB..."}
{"level":"error","message":"Unexpected token } in JSON at position 22"}
{"level":"error","message":"id is not defined"}
{"level":"info","message":"Listening on port 3000..."}
{"level":"info","message":"Connected to MongoDB..."}
{"level":"info","message":"Listening on port 3000..."}
{"level":"info","message":"Connected to MongoDB..."}
{"level":"info","message":"Listening on port 3000..."}
{"level":"info","message":"Connected to MongoDB..."}
{"level":"info","message":"Listening on port 3000..."}
{"level":"info","message":"Connected to MongoDB..."}
{"level":"info","message":"Listening on port 3000..."}
{"level":"info","message":"Connected to MongoDB..."}
{"level":"info","message":"Listening on port 3000..."}
{"level":"info","message":"Connected to MongoDB..."}
{"level":"info","message":"Listening on port 3000..."}
{"level":"info","message":"Connected to MongoDB..."}
{"level":"info","message":"Listening on port 3000..."}
{"level":"info","message":"Connected to MongoDB..."}
{"level":"info","message":"Listening on port 3000..."}
{"level":"info","message":"Connected to MongoDB..."}
{"level":"info","message":"Listening on port 3000..."}
{"level":"info","message":"Connected to MongoDB..."}
{"level":"info","message":"Listening on port 3000..."}
{"level":"info","message":"Connected to MongoDB..."}
{"level":"info","message":"Listening on port 3000..."}
{"level":"info","message":"Connected to MongoDB..."}
{"level":"info","message":"Listening on port 3000..."}
{"level":"info","message":"Connected to MongoDB..."}
{"level":"info","message":"Listening on port 3000..."}
{"level":"info","message":"Connected to MongoDB..."}
{"level":"info","message":"Listening on port 3000..."}
{"level":"info","message":"Connected to MongoDB..."}
{"level":"info","message":"Listening on port 3000..."}
{"level":"info","message":"Connected to MongoDB..."}
{"level":"info","message":"Listening on port 3000..."}
{"level":"info","message":"Connected to MongoDB..."}
{"level":"info","message":"Listening on port 3000..."}
{"level":"info","message":"Connected to MongoDB..."}
{"level":"info","message":"Listening on port 3000..."}
{"level":"info","message":"Connected to MongoDB..."}
{"level":"info","message":"Listening on port 3000..."}
{"level":"info","message":"Connected to MongoDB..."}
{"level":"info","message":"Listening on port 3000..."}
{"level":"info","message":"Connected to MongoDB..."}
{"level":"info","message":"Listening on port 3000..."}
{"level":"info","message":"Connected to MongoDB..."}
{"level":"info","message":"Listening on port 3000..."}
{"level":"info","message":"Connected to MongoDB..."}
{"level":"info","message":"Listening on port 3000..."}
{"level":"info","message":"Connected to MongoDB..."}
{"level":"info","message":"Listening on port 3000..."}
{"level":"info","message":"Connected to MongoDB..."}
{"level":"info","message":"Listening on port 3000..."}
{"level":"info","message":"Connected to MongoDB..."}
{"level":"info","message":"Listening on port 3000..."}
{"level":"info","message":"Connected to MongoDB..."}
{"level":"info","message":"Listening on port 3000..."}
{"level":"info","message":"Connected to MongoDB..."}
{"level":"error","message":"Failed to lookup view \"editAccount\" in views directory \"../views\""}
{"level":"error","message":"Unexpected token } in JSON at position 84"}
{"level":"info","message":"Listening on port 3000..."}
{"level":"info","message":"Connected to MongoDB..."}
{"level":"info","message":"Listening on port 3000..."}
{"level":"info","message":"Connected to MongoDB..."}
{"level":"info","message":"Listening on port 3000..."}
{"level":"info","message":"Connected to MongoDB..."}
{"level":"info","message":"Listening on port 3000..."}
{"level":"info","message":"Connected to MongoDB..."}
{"level":"info","message":"Listening on port 3000..."}
{"level":"info","message":"Connected to MongoDB..."}
{"level":"info","message":"Listening on port 3000..."}
{"level":"info","message":"Connected to MongoDB..."}
{"level":"error","message":"Unexpected token } in JSON at position 71"}
{"level":"error","message":"Unexpected identifier"}
{"level":"info","message":"Connected to MongoDB..."}
{"level":"info","message":"Listening on port 3000..."}
{"level":"info","message":"Connected to MongoDB..."}
{"level":"info","message":"Listening on port 3000..."}
{"level":"info","message":"Connected to MongoDB..."}
{"level":"error","message":"Unexpected token '}'"}
{"level":"info","message":"Connected to MongoDB..."}
{"level":"info","message":"Listening on port 3000..."}
{"level":"info","message":"Connected to MongoDB..."}
{"level":"error","message":"Unexpected token '}'"}
{"level":"info","message":"Connected to MongoDB..."}
{"level":"info","message":"Listening on port 3000..."}
{"level":"info","message":"Connected to MongoDB..."}
{"level":"info","message":"Listening on port 3000..."}
{"level":"info","message":"Connected to MongoDB..."}
{"level":"info","message":"Listening on port 3000..."}
{"level":"info","message":"Connected to MongoDB..."}
{"level":"info","message":"Listening on port 3000..."}
{"level":"info","message":"Connected to MongoDB..."}
{"level":"info","message":"Listening on port 3000..."}
{"level":"info","message":"Connected to MongoDB..."}
{"level":"info","message":"Listening on port 3000..."}
{"level":"info","message":"Connected to MongoDB..."}
{"level":"info","message":"Listening on port 3000..."}
{"level":"info","message":"Connected to MongoDB..."}
{"level":"info","message":"Listening on port 3000..."}
{"level":"info","message":"Connected to MongoDB..."}
{"level":"info","message":"Listening on port 3000..."}
{"level":"info","message":"Connected to MongoDB..."}
{"level":"info","message":"Listening on port 3000..."}
{"level":"info","message":"Connected to MongoDB..."}
{"level":"error","message":"Identifier 'editAccountCustomer' has already been declared"}
{"level":"info","message":"Connected to MongoDB..."}
{"level":"error","message":"editAccount is not defined"}
{"level":"info","message":"Connected to MongoDB..."}
{"level":"error","message":"Cannot find module '../controller/e0ditAccount'\nRequire stack:\n- D:\\Mazen\\Courses\\Programming\\VSC\\E-CommerceApi\\startup\\routes.js\n- D:\\Mazen\\Courses\\Programming\\VSC\\E-CommerceApi\\index.js"}
{"level":"info","message":"Connected to MongoDB..."}
{"level":"error","message":"editAccount is not defined"}
{"level":"info","message":"Connected to MongoDB..."}
{"level":"error","message":"editAccount is not defined"}
{"level":"info","message":"Connected to MongoDB..."}
{"level":"error","message":"editAccount is not defined"}
{"level":"info","message":"Connected to MongoDB..."}
{"level":"error","message":"editAccount is not defined"}
{"level":"info","message":"Connected to MongoDB..."}
{"level":"info","message":"Listening on port 3000..."}
{"level":"info","message":"Connected to MongoDB..."}
{"level":"error","message":"Unexpected token s in JSON at position 80"}
{"level":"info","message":"Listening on port 3000..."}
{"level":"info","message":"Connected to MongoDB..."}
{"level":"info","message":"Listening on port 3000..."}
{"level":"info","message":"Connected to MongoDB..."}
{"level":"error","message":"missing ) after argument list"}
{"level":"info","message":"Connected to MongoDB..."}
{"level":"error","message":"missing ) after argument list"}
{"level":"info","message":"Connected to MongoDB..."}
{"level":"info","message":"Listening on port 3000..."}
{"level":"info","message":"Connected to MongoDB..."}
{"level":"error","message":"Identifier 'validate' has already been declared"}
{"level":"info","message":"Connected to MongoDB..."}
{"level":"error","message":"Identifier 'validate' has already been declared"}
{"level":"info","message":"Connected to MongoDB..."}
{"level":"error","message":"Identifier 'validate' has already been declared"}
{"level":"info","message":"Connected to MongoDB..."}
{"level":"error","message":"Unexpected token ','"}
{"level":"info","message":"Connected to MongoDB..."}
{"level":"error","message":"Unexpected token ','"}
{"level":"info","message":"Connected to MongoDB..."}
{"level":"error","message":"Unexpected token ','"}
{"level":"info","message":"Connected to MongoDB..."}
{"level":"error","message":"Identifier 'validate' has already been declared"}
{"level":"info","message":"Connected to MongoDB..."}
{"level":"error","message":"Identifier 'validate' has already been declared"}
{"level":"info","message":"Connected to MongoDB..."}
{"level":"error","message":"Identifier 'validate' has already been declared"}
{"level":"info","message":"Connected to MongoDB..."}
{"level":"error","message":"Identifier 'validate' has already been declared"}
{"level":"info","message":"Connected to MongoDB..."}
{"level":"error","message":"Identifier 'validate' has already been declared"}
{"level":"info","message":"Connected to MongoDB..."}
{"level":"error","message":"Identifier 'validate' has already been declared"}
{"level":"info","message":"Connected to MongoDB..."}
{"level":"error","message":"Identifier 'validate' has already been declared"}
{"level":"info","message":"Connected to MongoDB..."}
{"level":"error","message":"Identifier 'validate' has already been declared"}
{"level":"info","message":"Connected to MongoDB..."}
{"level":"info","message":"Listening on port 3000..."}
{"level":"info","message":"Connected to MongoDB..."}
{"level":"error","message":"Identifier 'validate' has already been declared"}
{"level":"info","message":"Connected to MongoDB..."}
{"level":"info","message":"Listening on port 3000..."}
{"level":"info","message":"Connected to MongoDB..."}
{"level":"info","message":"Listening on port 3000..."}
{"level":"info","message":"Connected to MongoDB..."}
{"level":"info","message":"Listening on port 3000..."}
{"level":"info","message":"Connected to MongoDB..."}
{"level":"info","message":"Listening on port 3000..."}
{"level":"info","message":"Connected to MongoDB..."}
{"level":"info","message":"Listening on port 3000..."}
{"level":"info","message":"Connected to MongoDB..."}
{"level":"info","message":"Listening on port 3000..."}
{"level":"info","message":"Connected to MongoDB..."}
{"level":"info","message":"Listening on port 3000..."}
{"level":"info","message":"Connected to MongoDB..."}
{"level":"info","message":"Listening on port 3000..."}
{"level":"info","message":"Connected to MongoDB..."}
{"level":"info","message":"Listening on port 3000..."}
{"level":"info","message":"Connected to MongoDB..."}
{"level":"error","message":"ApplicationUser validation failed: balance: Path `balance` (-50) is less than minimum allowed value (0)."}
{"level":"error","message":"ApplicationUser validation failed: balance: Path `balance` (-50) is less than minimum allowed value (0)."}
